2024-05-17 16:23:22,507 - my_logger - INFO - Creating polygon from given coordinates...
2024-05-17 22:30:27,078 - my_logger - INFO - Creating polygon from given coordinates...
2024-05-17 22:32:04,756 - my_logger - INFO - Creating polygon from given coordinates...
2024-05-17 22:32:04,761 - my_logger - INFO - Connecting to mysql...
2024-05-17 22:32:05,296 - my_logger - INFO - Connected to mysql
2024-05-17 22:40:57,965 - my_logger - INFO - Creating polygon from given coordinates...
2024-05-17 22:40:58,722 - my_logger - INFO - Connecting to mysql...
2024-05-17 22:40:59,790 - my_logger - INFO - Connected to mysql
2024-05-17 22:41:40,776 - my_logger - INFO - Creating polygon from given coordinates...
2024-05-17 22:41:42,676 - my_logger - INFO - Connecting to mysql...
2024-05-17 22:41:43,157 - my_logger - INFO - Connected to mysql
2024-05-17 22:42:17,449 - my_logger - INFO - Creating polygon from given coordinates...
2024-05-17 22:42:18,645 - my_logger - INFO - Connecting to mysql...
2024-05-17 22:42:19,228 - my_logger - INFO - Connected to mysql
2024-05-17 22:45:31,142 - my_logger - INFO - Connecting to mysql...
2024-05-17 22:45:31,742 - my_logger - INFO - Connected to mysql
2024-05-17 22:46:20,930 - my_logger - INFO - Creating polygon from given coordinates...
2024-05-17 22:46:21,772 - my_logger - INFO - Connecting to mysql...
2024-05-17 22:46:22,261 - my_logger - INFO - Connected to mysql
2024-05-17 22:46:29,420 - my_logger - INFO - Connecting to mysql...
2024-05-17 22:46:29,866 - my_logger - INFO - Connected to mysql
2024-05-17 23:10:28,041 - my_logger - INFO - Creating polygon from given coordinates...
2024-05-17 23:10:29,490 - my_logger - INFO - Connecting to mysql...
2024-05-17 23:10:30,148 - my_logger - INFO - Connected to mysql
2024-05-17 23:17:41,329 - my_logger - INFO - Creating polygon from given coordinates...
2024-05-17 23:18:17,814 - my_logger - INFO - Starting : Load new station details
2024-05-17 23:18:17,815 - my_logger - DEBUG - Get max index from stations table
2024-05-17 23:18:17,815 - my_logger - INFO - Connecting to mysql...
2024-05-17 23:18:18,517 - my_logger - INFO - Connected to mysql
2024-05-17 23:18:18,562 - my_logger - DEBUG - Loading year 2022
2024-05-17 23:18:18,571 - my_logger - DEBUG - Loading year 2023
2024-05-17 23:20:04,840 - my_logger - INFO - Creating polygon from given coordinates...
2024-05-17 23:20:06,470 - my_logger - INFO - Starting : Load new station details
2024-05-17 23:20:06,471 - my_logger - DEBUG - Get max index from stations table
2024-05-17 23:20:06,471 - my_logger - INFO - Connecting to mysql...
2024-05-17 23:20:07,074 - my_logger - INFO - Connected to mysql
2024-05-17 23:20:07,114 - my_logger - DEBUG - Loading year 2022
2024-05-17 23:20:07,120 - my_logger - DEBUG - Loading year 2023
2024-05-17 23:20:42,215 - my_logger - INFO - Creating polygon from given coordinates...
2024-05-17 23:20:43,324 - my_logger - INFO - Starting : Load new station details
2024-05-17 23:20:43,324 - my_logger - DEBUG - Get max index from stations table
2024-05-17 23:20:43,324 - my_logger - INFO - Connecting to mysql...
2024-05-17 23:20:43,810 - my_logger - INFO - Connected to mysql
2024-05-17 23:20:43,856 - my_logger - DEBUG - Loading year 2022
2024-05-17 23:20:43,866 - my_logger - DEBUG - Loading year 2023
2024-05-17 23:23:48,396 - my_logger - INFO - Creating polygon from given coordinates...
2024-05-17 23:23:49,038 - my_logger - INFO - Starting : Load new station details
2024-05-17 23:23:49,038 - my_logger - DEBUG - Get max index from stations table
2024-05-17 23:23:49,038 - my_logger - INFO - Connecting to mysql...
2024-05-17 23:23:49,726 - my_logger - INFO - Connected to mysql
2024-05-17 23:23:49,770 - my_logger - DEBUG - Loading year 2022
2024-05-17 23:23:49,780 - my_logger - DEBUG - Loading year 2023
2024-05-17 23:23:49,820 - my_logger - DEBUG - Station df size (15, 6) ,adding country names
2024-05-17 23:40:53,442 - my_logger - INFO - Creating polygon from given coordinates...
2024-05-17 23:40:58,729 - my_logger - INFO - Connecting to mysql...
2024-05-17 23:40:59,443 - my_logger - INFO - Connected to mysql
2024-05-17 23:50:31,959 - my_logger - INFO - Creating polygon from given coordinates...
2024-05-17 23:50:32,807 - my_logger - INFO - Connecting to mysql...
2024-05-17 23:50:33,510 - my_logger - INFO - Connected to mysql
2024-05-17 23:53:06,025 - my_logger - INFO - Creating polygon from given coordinates...
2024-05-17 23:53:22,344 - my_logger - INFO - Creating polygon from given coordinates...
2024-05-17 23:53:23,128 - my_logger - INFO - Starting : Load new station details
2024-05-17 23:53:23,129 - my_logger - DEBUG - Get max index from stations table
2024-05-17 23:53:23,129 - my_logger - INFO - Connecting to mysql...
2024-05-17 23:53:23,649 - my_logger - INFO - Connected to mysql
2024-05-17 23:53:23,743 - my_logger - INFO - Connecting to mysql...
2024-05-17 23:53:24,258 - my_logger - INFO - Connected to mysql
2024-05-17 23:53:24,445 - my_logger - DEBUG - Loading year 2022
2024-05-17 23:53:24,451 - my_logger - DEBUG - Loading year 2023
2024-05-17 23:53:24,458 - my_logger - DEBUG - Station df size (15, 6) ,adding country names
2024-05-17 23:57:33,689 - my_logger - INFO - Starting : Load new station details
2024-05-17 23:57:33,690 - my_logger - DEBUG - Get max index from stations table
2024-05-17 23:57:33,690 - my_logger - INFO - Connecting to mysql...
2024-05-17 23:57:34,357 - my_logger - INFO - Connected to mysql
2024-05-17 23:57:34,396 - my_logger - INFO - Connecting to mysql...
2024-05-17 23:57:34,860 - my_logger - INFO - Connected to mysql
2024-05-17 23:57:35,060 - my_logger - DEBUG - Loading year 2022
2024-05-17 23:57:35,066 - my_logger - DEBUG - Loading year 2023
2024-05-17 23:57:35,081 - my_logger - DEBUG - Station df size (15, 6) ,adding country names
2024-05-18 00:09:54,166 - my_logger - INFO - Creating polygon from given coordinates...
2024-05-18 00:09:55,389 - my_logger - INFO - Starting : Load new station details
2024-05-18 00:09:55,389 - my_logger - DEBUG - Get max index from stations table
2024-05-18 00:09:55,389 - my_logger - INFO - Connecting to mysql...
2024-05-18 00:09:55,943 - my_logger - INFO - Connected to mysql
2024-05-18 00:09:55,990 - my_logger - INFO - Connecting to mysql...
2024-05-18 00:09:56,438 - my_logger - INFO - Connected to mysql
2024-05-18 00:09:56,608 - my_logger - DEBUG - Loading year 2023
